Using pre-set license
Built from '2020.3/staging' branch; Version is '2020.3.13f1 (71691879b7f5) revision 7432472'; Using compiler version '192528614'; Build Type 'Release'
OS: 'Windows 10 Pro; OS build 19043.1889; Version 2009; 64bit' Language: 'tr' Physical Memory: 8073 MB
BatchMode: 1, IsHumanControllingUs: 0, StartBugReporterOnCrash: 0, Is64bit: 1, IsPro: 0

 COMMAND LINE ARGUMENTS:
C:\Program Files\Unity\Hub\Editor\2020.3.13f1\Editor\Unity.exe
-adb2
-batchMode
-noUpm
-name
AssetImportWorker0
-projectPath
C:/Users/shun_/zombie_game
-logFile
Logs/AssetImportWorker0.log
-srvPort
64681
Successfully changed project path to: C:/Users/shun_/zombie_game
C:/Users/shun_/zombie_game
Using Asset Import Pipeline V2.
Refreshing native plugins compatible for Editor in 36.78 ms, found 2 plugins.
Preloading 0 native plugins for Editor in 0.00 ms.
Initialize engine version: 2020.3.13f1 (71691879b7f5)
[Subsystems] Discovering subsystems at path C:/Program Files/Unity/Hub/Editor/2020.3.13f1/Editor/Data/Resources/UnitySubsystems
[Subsystems] Discovering subsystems at path C:/Users/shun_/zombie_game/Assets
GfxDevice: creating device client; threaded=0
Direct3D:
    Version:  Direct3D 11.0 [level 11.1]
    Renderer: NVIDIA GeForce GTX 1050 Ti (ID=0x1c8c)
    Vendor:   
    VRAM:     4021 MB
    Driver:   31.0.15.1659
Initialize mono
Mono path[0] = 'C:/Program Files/Unity/Hub/Editor/2020.3.13f1/Editor/Data/Managed'
Mono path[1] = 'C:/Program Files/Unity/Hub/Editor/2020.3.13f1/Editor/Data/MonoBleedingEdge/lib/mono/unityjit'
Mono config path = 'C:/Program Files/Unity/Hub/Editor/2020.3.13f1/Editor/Data/MonoBleedingEdge/etc'
Using monoOptions --debugger-agent=transport=dt_socket,embedding=1,server=y,suspend=n,address=127.0.0.1:56424
Begin MonoManager ReloadAssembly
Registering precompiled unity dll's ...
Register platform support module: C:/Program Files/Unity/Hub/Editor/2020.3.13f1/Editor/Data/PlaybackEngines/WindowsStandaloneSupport/UnityEditor.WindowsStandalone.Extensions.dll
Registered in 0.002736 seconds.
Native extension for WindowsStandalone target not found
Refreshing native plugins compatible for Editor in 39.36 ms, found 2 plugins.
Preloading 0 native plugins for Editor in 0.00 ms.
Mono: successfully reloaded assembly
- Completed reload, in  1.879 seconds
Platform modules already initialized, skipping
Registering precompiled user dll's ...
Registered in 0.006176 seconds.
Begin MonoManager ReloadAssembly
Native extension for WindowsStandalone target not found
Refreshing native plugins compatible for Editor in 0.43 ms, found 2 plugins.
Preloading 0 native plugins for Editor in 0.00 ms.
Mono: successfully reloaded assembly
- Completed reload, in  1.238 seconds
Platform modules already initialized, skipping
========================================================================
Worker process is ready to serve import requests
Launched and connected shader compiler UnityShaderCompiler.exe after 0.06 seconds
Refreshing native plugins compatible for Editor in 0.35 ms, found 2 plugins.
Preloading 0 native plugins for Editor in 0.00 ms.
Unloading 1413 Unused Serialized files (Serialized files now loaded: 0)
System memory in use before: 65.9 MB.
System memory in use after: 65.8 MB.

Unloading 21 unused Assets to reduce memory usage. Loaded Objects now: 1844.
Total: 2.472100 ms (FindLiveObjects: 0.184700 ms CreateObjectMapping: 0.061800 ms MarkObjects: 2.085000 ms  DeleteObjects: 0.139200 ms)

AssetImportParameters requested are different than current active one (requested -> active):
  custom:framework-win-MediaFoundation: 216162199b28c13a410421893ffa2e32 -> 
  custom:video-decoder-ogg-theora: a1e56fd34408186e4bbccfd4996cb3dc -> 
  custom:container-muxer-webm: aa71ff27fc2769a1b78a27578f13a17b -> 
  custom:container-demuxer-webm: 4f35f7cbe854078d1ac9338744f61a02 -> 
  custom:container-demuxer-ogg: 62fdf1f143b41e24485cea50d1cbac27 -> 
  custom:video-encoder-webm-vp8: eb34c28f22e8b96e1ab97ce403110664 -> 
  custom:video-decoder-webm-vp8: 9c59270c3fd7afecdb556c50c9e8de78 -> 
  custom:audio-decoder-ogg-vorbis: bf7c407c2cedff20999df2af8eb42d56 -> 
  custom:audio-encoder-webm-vorbis: bf7c407c2cedff20999df2af8eb42d56 -> 
========================================================================
Received Import Request.
  path: Assets/BigRookGames
  artifactKey: Guid(5c9b0c0a70f45d74f935b46536fb6c90) Importer(815301076,1909f56bfc062723c751e8b465ee728b)
Start importing Assets/BigRookGames using Guid(5c9b0c0a70f45d74f935b46536fb6c90) Importer(815301076,1909f56bfc062723c751e8b465ee728b)  -> (artifact id: '1271282b168fbb005ac2e74e784e1415') in 0.005359 seconds 
  Import took 0.007809 seconds .

========================================================================
Received Import Request.
  Time since last request: 0.000235 seconds.
  path: Assets/Free Stylized Skybox
  artifactKey: Guid(eecc0c10a6e0b094ca133c8b0bae6986) Importer(815301076,1909f56bfc062723c751e8b465ee728b)
Start importing Assets/Free Stylized Skybox using Guid(eecc0c10a6e0b094ca133c8b0bae6986) Importer(815301076,1909f56bfc062723c751e8b465ee728b)  -> (artifact id: 'b222e5b05a316187f223f2c1f761147d') in 0.002132 seconds 
  Import took 0.004591 seconds .

========================================================================
Received Import Request.
  Time since last request: 0.000325 seconds.
  path: Assets/Blood decal pack
  artifactKey: Guid(5dbff5f718f5246478adf55fb19ec3a6) Importer(815301076,1909f56bfc062723c751e8b465ee728b)
Start importing Assets/Blood decal pack using Guid(5dbff5f718f5246478adf55fb19ec3a6) Importer(815301076,1909f56bfc062723c751e8b465ee728b)  -> (artifact id: '494b738376fd18f1a54e8288f8cb3dae') in 0.004082 seconds 
  Import took 0.007107 seconds .

========================================================================
Received Import Request.
  Time since last request: 12.449360 seconds.
  path: Assets/UI button pack 2
  artifactKey: Guid(2ed8a3b7eee9c994eb30815745abd709) Importer(815301076,1909f56bfc062723c751e8b465ee728b)
Start importing Assets/UI button pack 2 using Guid(2ed8a3b7eee9c994eb30815745abd709) Importer(815301076,1909f56bfc062723c751e8b465ee728b)  -> (artifact id: 'f2f9e5d7f81bc37dc54b2d88a598af6e') in 0.005221 seconds 
  Import took 0.009746 seconds .

========================================================================
Received Import Request.
  Time since last request: 62.938487 seconds.
  path: Assets/ses/275151__bird-man__gun-shot.wav
  artifactKey: Guid(cba515cf4c58a1e4b93a5b3565396217) Importer(815301076,1909f56bfc062723c751e8b465ee728b)
Start importing Assets/ses/275151__bird-man__gun-shot.wav using Guid(cba515cf4c58a1e4b93a5b3565396217) Importer(815301076,1909f56bfc062723c751e8b465ee728b)  -> (artifact id: '254820e0eee037f2747e2ef65625165a') in 0.231376 seconds 
  Import took 0.233717 seconds .

========================================================================
Received Import Request.
  Time since last request: 0.000342 seconds.
  path: Assets/ses/448995__qubodup__yoink-stealing-sound-effect.wav
  artifactKey: Guid(4e80dd3319f93214bb25095ef0209e73) Importer(815301076,1909f56bfc062723c751e8b465ee728b)
Start importing Assets/ses/448995__qubodup__yoink-stealing-sound-effect.wav using Guid(4e80dd3319f93214bb25095ef0209e73) Importer(815301076,1909f56bfc062723c751e8b465ee728b)  -> (artifact id: '7b703ba513cbabf415d5e60ec0918605') in 0.013329 seconds 
  Import took 0.016990 seconds .

========================================================================
Received Import Request.
  Time since last request: 0.000356 seconds.
  path: Assets/ses/360686__herrabilbo__eating-v1.mp3
  artifactKey: Guid(be76b9a30a250b047bf1d627a36449ea) Importer(815301076,1909f56bfc062723c751e8b465ee728b)
Start importing Assets/ses/360686__herrabilbo__eating-v1.mp3 using Guid(be76b9a30a250b047bf1d627a36449ea) Importer(815301076,1909f56bfc062723c751e8b465ee728b)  -> (artifact id: '432624fdaa653798f503584dceee6197') in 0.022072 seconds 
  Import took 0.025952 seconds .

========================================================================
Received Import Request.
  Time since last request: 0.000525 seconds.
  path: Assets/ses/491855__alirabiei__zombie-noises.wav
  artifactKey: Guid(b7ab6a5193ffefb43bf9f20d88cfff45) Importer(815301076,1909f56bfc062723c751e8b465ee728b)
Start importing Assets/ses/491855__alirabiei__zombie-noises.wav using Guid(b7ab6a5193ffefb43bf9f20d88cfff45) Importer(815301076,1909f56bfc062723c751e8b465ee728b)  -> (artifact id: '9726ac635df372fcf0318b2e8ca50ad2') in 0.014550 seconds 
  Import took 0.017931 seconds .

========================================================================
Received Import Request.
  Time since last request: 0.000323 seconds.
  path: Assets/ses/dead-or-alive.mp3
  artifactKey: Guid(9ed27f0ee3b58f14f9c87a509a5239d3) Importer(815301076,1909f56bfc062723c751e8b465ee728b)
Start importing Assets/ses/dead-or-alive.mp3 using Guid(9ed27f0ee3b58f14f9c87a509a5239d3) Importer(815301076,1909f56bfc062723c751e8b465ee728b)  -> (artifact id: 'e6e6acab6328d25e09c54ae865f21c89') in 0.015347 seconds 
  Import took 0.019888 seconds .

========================================================================
Received Import Request.
  Time since last request: 0.000326 seconds.
  path: Assets/ses/hasaralma.wav
  artifactKey: Guid(1f4de3a764652d64fa1b6895363b1617) Importer(815301076,1909f56bfc062723c751e8b465ee728b)
Start importing Assets/ses/hasaralma.wav using Guid(1f4de3a764652d64fa1b6895363b1617) Importer(815301076,1909f56bfc062723c751e8b465ee728b)  -> (artifact id: '0ef2f6d1d4b3d3c66cca331c5d440aab') in 0.011367 seconds 
  Import took 0.015194 seconds .

========================================================================
Received Import Request.
  Time since last request: 0.000251 seconds.
  path: Assets/ses/dead.wav
  artifactKey: Guid(2c42edf96b825ae4ca87560c86640afc) Importer(815301076,1909f56bfc062723c751e8b465ee728b)
Start importing Assets/ses/dead.wav using Guid(2c42edf96b825ae4ca87560c86640afc) Importer(815301076,1909f56bfc062723c751e8b465ee728b)  -> (artifact id: 'd76750c0ced0d98d29878459ae75e7a0') in 0.014048 seconds 
  Import took 0.016996 seconds .

========================================================================
Received Import Request.
  Time since last request: 4.021365 seconds.
  path: Assets/prefab/Canned+Food.fbx
  artifactKey: Guid(574186e4d423cb44fa42812f4f2b8074) Importer(815301076,1909f56bfc062723c751e8b465ee728b)
Start importing Assets/prefab/Canned+Food.fbx using Guid(574186e4d423cb44fa42812f4f2b8074) Importer(815301076,1909f56bfc062723c751e8b465ee728b)  -> (artifact id: '751539f4eccd3f51377155e8c3f63ea4') in 0.399232 seconds 
  Import took 0.402910 seconds .

========================================================================
Received Import Request.
  Time since last request: 0.000215 seconds.
  path: Assets/prefab/SpikeTrap_HideAnimation.fbx
  artifactKey: Guid(c8f0fcc09ae9bef44a4562d930266d0b) Importer(815301076,1909f56bfc062723c751e8b465ee728b)
Start importing Assets/prefab/SpikeTrap_HideAnimation.fbx using Guid(c8f0fcc09ae9bef44a4562d930266d0b) Importer(815301076,1909f56bfc062723c751e8b465ee728b)  -> (artifact id: '1e4bf4977134ff416c1e8d0c9ce16b94') in 0.096174 seconds 
  Import took 0.098944 seconds .

========================================================================
Received Import Request.
  Time since last request: 0.000246 seconds.
  path: Assets/prefab/dusmanzombi.prefab
  artifactKey: Guid(60a4a7a42dc45d74b8c901c7f9489a47) Importer(815301076,1909f56bfc062723c751e8b465ee728b)
Start importing Assets/prefab/dusmanzombi.prefab using Guid(60a4a7a42dc45d74b8c901c7f9489a47) Importer(815301076,1909f56bfc062723c751e8b465ee728b)  -> (artifact id: '519da8dbd4dc4f97767bca8197511135') in 0.393995 seconds 
  Import took 0.397364 seconds .

========================================================================
Received Import Request.
  Time since last request: 0.000299 seconds.
  path: Assets/prefab/kanefekti.prefab
  artifactKey: Guid(69fff299a3b4edf41852b0128b425b8f) Importer(815301076,1909f56bfc062723c751e8b465ee728b)
Start importing Assets/prefab/kanefekti.prefab using Guid(69fff299a3b4edf41852b0128b425b8f) Importer(815301076,1909f56bfc062723c751e8b465ee728b)  -> (artifact id: '103a3cd2078af1e89cf0cd3b2ccae41d') in 0.078671 seconds 
  Import took 0.081657 seconds .

========================================================================
Received Import Request.
  Time since last request: 0.000293 seconds.
  path: Assets/prefab/lambert1_Base_Color.png
  artifactKey: Guid(0b984318d33353d448853813c029341f) Importer(815301076,1909f56bfc062723c751e8b465ee728b)
Start importing Assets/prefab/lambert1_Base_Color.png using Guid(0b984318d33353d448853813c029341f) Importer(815301076,1909f56bfc062723c751e8b465ee728b)  -> (artifact id: '323e752ebe78752ab4dc2cd967c0082c') in 0.031604 seconds 
  Import took 0.034459 seconds .

========================================================================
Received Import Request.
  Time since last request: 0.000344 seconds.
  path: Assets/Scenes/SampleScene/NavMesh.asset
  artifactKey: Guid(bb4271593c035e041a153065156cc010) Importer(815301076,1909f56bfc062723c751e8b465ee728b)
Start importing Assets/Scenes/SampleScene/NavMesh.asset using Guid(bb4271593c035e041a153065156cc010) Importer(815301076,1909f56bfc062723c751e8b465ee728b)  -> (artifact id: 'e4110bec3defdb6f1c644e018e60b3b8') in 0.012036 seconds 
  Import took 0.019006 seconds .

========================================================================
Received Import Request.
  Time since last request: 0.000368 seconds.
  path: Assets/Scenes/SampleScene
  artifactKey: Guid(f89ca581dd5896e468158a693d91ec97) Importer(815301076,1909f56bfc062723c751e8b465ee728b)
Start importing Assets/Scenes/SampleScene using Guid(f89ca581dd5896e468158a693d91ec97) Importer(815301076,1909f56bfc062723c751e8b465ee728b)  -> (artifact id: '28e08d82fd771cb615ab5b68e01f03c8') in 0.005946 seconds 
  Import took 0.011151 seconds .

========================================================================
Received Import Request.
  Time since last request: 0.000246 seconds.
  path: Assets/prefab/Sweet_Peas_and_Carrots_Product_Label.jpg
  artifactKey: Guid(7ea42ab64d41ded4ea10e083a5774015) Importer(815301076,1909f56bfc062723c751e8b465ee728b)
Start importing Assets/prefab/Sweet_Peas_and_Carrots_Product_Label.jpg using Guid(7ea42ab64d41ded4ea10e083a5774015) Importer(815301076,1909f56bfc062723c751e8b465ee728b)  -> (artifact id: 'e337a8186cc426849ba56bf3a5cdd098') in 0.017801 seconds 
  Import took 0.027684 seconds .

========================================================================
Received Import Request.
  Time since last request: 0.000236 seconds.
  path: Assets/prefab/Fountain.fbx
  artifactKey: Guid(11a68a192ac5b2842abec4dc7fa85e23) Importer(815301076,1909f56bfc062723c751e8b465ee728b)
Start importing Assets/prefab/Fountain.fbx using Guid(11a68a192ac5b2842abec4dc7fa85e23) Importer(815301076,1909f56bfc062723c751e8b465ee728b)  -> (artifact id: 'efe8274c2c8c2cdf08bc44b4d4f09c9e') in 0.030253 seconds 
  Import took 0.033965 seconds .

========================================================================
Received Import Request.
  Time since last request: 3.270840 seconds.
  path: Assets/Scenes/SampleScene.unity
  artifactKey: Guid(9fc0d4010bbf28b4594072e72b8655ab) Importer(815301076,1909f56bfc062723c751e8b465ee728b)
Start importing Assets/Scenes/SampleScene.unity using Guid(9fc0d4010bbf28b4594072e72b8655ab) Importer(815301076,1909f56bfc062723c751e8b465ee728b)  -> (artifact id: '5714fb8776b6b8c3d41997534535705b') in 0.003284 seconds 
  Import took 0.006584 seconds .

========================================================================
Received Import Request.
  Time since last request: 9.452203 seconds.
  path: Assets/Scenes/main.unity
  artifactKey: Guid(9fc0d4010bbf28b4594072e72b8655ab) Importer(815301076,1909f56bfc062723c751e8b465ee728b)
Start importing Assets/Scenes/main.unity using Guid(9fc0d4010bbf28b4594072e72b8655ab) Importer(815301076,1909f56bfc062723c751e8b465ee728b)  -> (artifact id: '5e07c0542be5ea4be88bd1d4231e9840') in 0.003704 seconds 
  Import took 0.007855 seconds .

========================================================================
Received Prepare
Registering precompiled user dll's ...
Registered in 0.004100 seconds.
Begin MonoManager ReloadAssembly
Native extension for WindowsStandalone target not found
Refreshing native plugins compatible for Editor in 0.33 ms, found 2 plugins.
Preloading 0 native plugins for Editor in 0.00 ms.
Mono: successfully reloaded assembly
- Completed reload, in  1.205 seconds
Platform modules already initialized, skipping
Refreshing native plugins compatible for Editor in 0.62 ms, found 2 plugins.
Preloading 0 native plugins for Editor in 0.00 ms.
Unloading 1451 Unused Serialized files (Serialized files now loaded: 0)
System memory in use before: 85.5 MB.
System memory in use after: 85.0 MB.

Unloading 29 unused Assets to reduce memory usage. Loaded Objects now: 1930.
Total: 3.333400 ms (FindLiveObjects: 0.280800 ms CreateObjectMapping: 0.181200 ms MarkObjects: 2.437900 ms  DeleteObjects: 0.432200 ms)

AssetImportParameters requested are different than current active one (requested -> active):
  custom:framework-win-MediaFoundation: 216162199b28c13a410421893ffa2e32 -> 
  custom:video-decoder-ogg-theora: a1e56fd34408186e4bbccfd4996cb3dc -> 
  custom:container-muxer-webm: aa71ff27fc2769a1b78a27578f13a17b -> 
  custom:container-demuxer-webm: 4f35f7cbe854078d1ac9338744f61a02 -> 
  custom:container-demuxer-ogg: 62fdf1f143b41e24485cea50d1cbac27 -> 
  custom:video-encoder-webm-vp8: eb34c28f22e8b96e1ab97ce403110664 -> 
  custom:video-decoder-webm-vp8: 9c59270c3fd7afecdb556c50c9e8de78 -> 
  custom:audio-decoder-ogg-vorbis: bf7c407c2cedff20999df2af8eb42d56 -> 
  custom:audio-encoder-webm-vorbis: bf7c407c2cedff20999df2af8eb42d56 -> 
========================================================================
Received Prepare
Registering precompiled user dll's ...
Registered in 0.005087 seconds.
Begin MonoManager ReloadAssembly
Native extension for WindowsStandalone target not found
Refreshing native plugins compatible for Editor in 0.38 ms, found 2 plugins.
Preloading 0 native plugins for Editor in 0.00 ms.
Mono: successfully reloaded assembly
- Completed reload, in  1.361 seconds
Platform modules already initialized, skipping
Refreshing native plugins compatible for Editor in 0.42 ms, found 2 plugins.
Preloading 0 native plugins for Editor in 0.00 ms.
Unloading 1451 Unused Serialized files (Serialized files now loaded: 0)
System memory in use before: 85.6 MB.
System memory in use after: 85.0 MB.

Unloading 27 unused Assets to reduce memory usage. Loaded Objects now: 1933.
Total: 2.906000 ms (FindLiveObjects: 0.160400 ms CreateObjectMapping: 0.063800 ms MarkObjects: 2.307100 ms  DeleteObjects: 0.373400 ms)

AssetImportParameters requested are different than current active one (requested -> active):
  custom:framework-win-MediaFoundation: 216162199b28c13a410421893ffa2e32 -> 
  custom:video-decoder-ogg-theora: a1e56fd34408186e4bbccfd4996cb3dc -> 
  custom:container-muxer-webm: aa71ff27fc2769a1b78a27578f13a17b -> 
  custom:container-demuxer-webm: 4f35f7cbe854078d1ac9338744f61a02 -> 
  custom:container-demuxer-ogg: 62fdf1f143b41e24485cea50d1cbac27 -> 
  custom:video-encoder-webm-vp8: eb34c28f22e8b96e1ab97ce403110664 -> 
  custom:video-decoder-webm-vp8: 9c59270c3fd7afecdb556c50c9e8de78 -> 
  custom:audio-decoder-ogg-vorbis: bf7c407c2cedff20999df2af8eb42d56 -> 
  custom:audio-encoder-webm-vorbis: bf7c407c2cedff20999df2af8eb42d56 -> 
========================================================================
Received Prepare
Registering precompiled user dll's ...
Registered in 0.004077 seconds.
Begin MonoManager ReloadAssembly
Native extension for WindowsStandalone target not found
Refreshing native plugins compatible for Editor in 0.46 ms, found 2 plugins.
Preloading 0 native plugins for Editor in 0.00 ms.
Mono: successfully reloaded assembly
- Completed reload, in  1.187 seconds
Platform modules already initialized, skipping
Refreshing native plugins compatible for Editor in 0.38 ms, found 2 plugins.
Preloading 0 native plugins for Editor in 0.00 ms.
Unloading 1451 Unused Serialized files (Serialized files now loaded: 0)
System memory in use before: 85.6 MB.
System memory in use after: 85.0 MB.

Unloading 27 unused Assets to reduce memory usage. Loaded Objects now: 1936.
Total: 2.878700 ms (FindLiveObjects: 0.233500 ms CreateObjectMapping: 0.053200 ms MarkObjects: 2.025800 ms  DeleteObjects: 0.558600 ms)

AssetImportParameters requested are different than current active one (requested -> active):
  custom:framework-win-MediaFoundation: 216162199b28c13a410421893ffa2e32 -> 
  custom:video-decoder-ogg-theora: a1e56fd34408186e4bbccfd4996cb3dc -> 
  custom:container-muxer-webm: aa71ff27fc2769a1b78a27578f13a17b -> 
  custom:container-demuxer-webm: 4f35f7cbe854078d1ac9338744f61a02 -> 
  custom:container-demuxer-ogg: 62fdf1f143b41e24485cea50d1cbac27 -> 
  custom:video-encoder-webm-vp8: eb34c28f22e8b96e1ab97ce403110664 -> 
  custom:video-decoder-webm-vp8: 9c59270c3fd7afecdb556c50c9e8de78 -> 
  custom:audio-decoder-ogg-vorbis: bf7c407c2cedff20999df2af8eb42d56 -> 
  custom:audio-encoder-webm-vorbis: bf7c407c2cedff20999df2af8eb42d56 -> 
========================================================================
Received Import Request.
  Time since last request: 113.345185 seconds.
  path: Assets/Scenes
  artifactKey: Guid(b8b6cb51e587aa64da41943f7208c496) Importer(815301076,1909f56bfc062723c751e8b465ee728b)
Start importing Assets/Scenes using Guid(b8b6cb51e587aa64da41943f7208c496) Importer(815301076,1909f56bfc062723c751e8b465ee728b)  -> (artifact id: '733ce11d1467d4a019b0ece058b0b21d') in 0.009226 seconds 
  Import took 0.013466 seconds .

AssetImportWorkerClient::OnTransportError - code=2 error=End of file
